[0.776s] Invoking command in '/home/filipe/thesis/drl_novamob/src/novamob_gym': PYTHONPATH=/home/filipe/thesis/drl_novamob/build/novamob_gym/prefix_override:/usr/lib/python3/dist-packages/colcon_core/task/python/colcon_distutils_commands:/home/filipe/thesis/drl_novamob/install/novamob_gym/lib/python3.10/site-packages:${PYTHONPATH} /usr/bin/python3 -W ignore:setup.py install is deprecated setup.py egg_info --egg-base ../../build/novamob_gym build --build-base /home/filipe/thesis/drl_novamob/build/novamob_gym/build install --record /home/filipe/thesis/drl_novamob/build/novamob_gym/install.log --single-version-externally-managed install_data
[1.025s] running egg_info
[1.043s] writing ../../build/novamob_gym/novamob_gym.egg-info/PKG-INFO
[1.043s] writing dependency_links to ../../build/novamob_gym/novamob_gym.egg-info/dependency_links.txt
[1.043s] writing entry points to ../../build/novamob_gym/novamob_gym.egg-info/entry_points.txt
[1.044s] writing requirements to ../../build/novamob_gym/novamob_gym.egg-info/requires.txt
[1.044s] writing top-level names to ../../build/novamob_gym/novamob_gym.egg-info/top_level.txt
[1.086s] reading manifest file '../../build/novamob_gym/novamob_gym.egg-info/SOURCES.txt'
[1.086s] adding license file 'LICENSE'
[1.086s] writing manifest file '../../build/novamob_gym/novamob_gym.egg-info/SOURCES.txt'
[1.087s] running build
[1.087s] running build_py
[1.087s] copying novamob_gym/__init__.py -> /home/filipe/thesis/drl_novamob/build/novamob_gym/build/lib/novamob_gym
[1.087s] copying novamob_gym/novamob_env.py -> /home/filipe/thesis/drl_novamob/build/novamob_gym/build/lib/novamob_gym
[1.087s] running install
[1.092s] running install_lib
[1.114s] copying /home/filipe/thesis/drl_novamob/build/novamob_gym/build/lib/novamob_gym/novamob_env.py -> /home/filipe/thesis/drl_novamob/install/novamob_gym/lib/python3.10/site-packages/novamob_gym
[1.115s] byte-compiling /home/filipe/thesis/drl_novamob/install/novamob_gym/lib/python3.10/site-packages/novamob_gym/novamob_env.py to novamob_env.cpython-310.pyc
[1.116s] running install_data
[1.116s] copying resource/novamob_gym -> /home/filipe/thesis/drl_novamob/install/novamob_gym/share/ament_index/resource_index/packages
[1.116s] copying package.xml -> /home/filipe/thesis/drl_novamob/install/novamob_gym/share/novamob_gym
[1.116s] running install_egg_info
[1.140s] removing '/home/filipe/thesis/drl_novamob/install/novamob_gym/lib/python3.10/site-packages/novamob_gym-0.0.0-py3.10.egg-info' (and everything under it)
[1.140s] Copying ../../build/novamob_gym/novamob_gym.egg-info to /home/filipe/thesis/drl_novamob/install/novamob_gym/lib/python3.10/site-packages/novamob_gym-0.0.0-py3.10.egg-info
[1.141s] running install_scripts
[1.291s] Installing novamob_env script to /home/filipe/thesis/drl_novamob/install/novamob_gym/lib/novamob_gym
[1.291s] writing list of installed files to '/home/filipe/thesis/drl_novamob/build/novamob_gym/install.log'
[1.316s] Invoked command in '/home/filipe/thesis/drl_novamob/src/novamob_gym' returned '0': PYTHONPATH=/home/filipe/thesis/drl_novamob/build/novamob_gym/prefix_override:/usr/lib/python3/dist-packages/colcon_core/task/python/colcon_distutils_commands:/home/filipe/thesis/drl_novamob/install/novamob_gym/lib/python3.10/site-packages:${PYTHONPATH} /usr/bin/python3 -W ignore:setup.py install is deprecated setup.py egg_info --egg-base ../../build/novamob_gym build --build-base /home/filipe/thesis/drl_novamob/build/novamob_gym/build install --record /home/filipe/thesis/drl_novamob/build/novamob_gym/install.log --single-version-externally-managed install_data
