[0.710s] Invoking command in '/home/filipe/thesis/drl_novamob/src/novamob_gym': PYTHONPATH=/home/filipe/thesis/drl_novamob/build/novamob_gym/prefix_override:/usr/lib/python3/dist-packages/colcon_core/task/python/colcon_distutils_commands:/home/filipe/thesis/drl_novamob/install/novamob_gym/lib/python3.10/site-packages:${PYTHONPATH} /usr/bin/python3 -W ignore:setup.py install is deprecated setup.py egg_info --egg-base ../../build/novamob_gym build --build-base /home/filipe/thesis/drl_novamob/build/novamob_gym/build install --record /home/filipe/thesis/drl_novamob/build/novamob_gym/install.log --single-version-externally-managed install_data
[0.933s] running egg_info
[0.949s] writing ../../build/novamob_gym/novamob_gym.egg-info/PKG-INFO
[0.949s] writing dependency_links to ../../build/novamob_gym/novamob_gym.egg-info/dependency_links.txt
[0.949s] writing entry points to ../../build/novamob_gym/novamob_gym.egg-info/entry_points.txt
[0.950s] writing requirements to ../../build/novamob_gym/novamob_gym.egg-info/requires.txt
[0.950s] writing top-level names to ../../build/novamob_gym/novamob_gym.egg-info/top_level.txt
[0.983s] reading manifest file '../../build/novamob_gym/novamob_gym.egg-info/SOURCES.txt'
[0.983s] adding license file 'LICENSE'
[0.983s] writing manifest file '../../build/novamob_gym/novamob_gym.egg-info/SOURCES.txt'
[0.984s] running build
[0.984s] running build_py
[0.984s] copying novamob_gym/__init__.py -> /home/filipe/thesis/drl_novamob/build/novamob_gym/build/lib/novamob_gym
[0.984s] copying novamob_gym/novamob_env.py -> /home/filipe/thesis/drl_novamob/build/novamob_gym/build/lib/novamob_gym
[0.984s] running install
[0.988s] running install_lib
[1.004s] copying /home/filipe/thesis/drl_novamob/build/novamob_gym/build/lib/novamob_gym/novamob_env.py -> /home/filipe/thesis/drl_novamob/install/novamob_gym/lib/python3.10/site-packages/novamob_gym
[1.005s] byte-compiling /home/filipe/thesis/drl_novamob/install/novamob_gym/lib/python3.10/site-packages/novamob_gym/novamob_env.py to novamob_env.cpython-310.pyc
[1.005s] running install_data
[1.005s] copying resource/novamob_gym -> /home/filipe/thesis/drl_novamob/install/novamob_gym/share/ament_index/resource_index/packages
[1.005s] copying package.xml -> /home/filipe/thesis/drl_novamob/install/novamob_gym/share/novamob_gym
[1.005s] running install_egg_info
[1.022s] removing '/home/filipe/thesis/drl_novamob/install/novamob_gym/lib/python3.10/site-packages/novamob_gym-0.0.0-py3.10.egg-info' (and everything under it)
[1.023s] Copying ../../build/novamob_gym/novamob_gym.egg-info to /home/filipe/thesis/drl_novamob/install/novamob_gym/lib/python3.10/site-packages/novamob_gym-0.0.0-py3.10.egg-info
[1.024s] running install_scripts
[1.162s] Installing novamob_env script to /home/filipe/thesis/drl_novamob/install/novamob_gym/lib/novamob_gym
[1.162s] writing list of installed files to '/home/filipe/thesis/drl_novamob/build/novamob_gym/install.log'
[1.185s] Invoked command in '/home/filipe/thesis/drl_novamob/src/novamob_gym' returned '0': PYTHONPATH=/home/filipe/thesis/drl_novamob/build/novamob_gym/prefix_override:/usr/lib/python3/dist-packages/colcon_core/task/python/colcon_distutils_commands:/home/filipe/thesis/drl_novamob/install/novamob_gym/lib/python3.10/site-packages:${PYTHONPATH} /usr/bin/python3 -W ignore:setup.py install is deprecated setup.py egg_info --egg-base ../../build/novamob_gym build --build-base /home/filipe/thesis/drl_novamob/build/novamob_gym/build install --record /home/filipe/thesis/drl_novamob/build/novamob_gym/install.log --single-version-externally-managed install_data
