[0.086s] DEBUG:colcon:Command line arguments: ['/usr/bin/colcon', 'build']
[0.086s] DEBUG:colcon:Parsed command line arguments: Namespace(log_base=None, log_level=None, verb_name='build', build_base='build', install_base='install', merge_install=False, symlink_install=False, test_result_base=None, continue_on_error=False, executor='parallel', parallel_workers=12, event_handlers=None, ignore_user_meta=False, metas=['./colcon.meta'], base_paths=['.'], packages_ignore=None, packages_ignore_regex=None, paths=None, packages_up_to=None, packages_up_to_regex=None, packages_above=None, packages_above_and_dependencies=None, packages_above_depth=None, packages_select_by_dep=None, packages_skip_by_dep=None, packages_skip_up_to=None, packages_select_build_failed=False, packages_skip_build_finished=False, packages_select_test_failures=False, packages_skip_test_passed=False, packages_select=None, packages_skip=None, packages_select_regex=None, packages_skip_regex=None, packages_start=None, packages_end=None, allow_overriding=[], cmake_args=None, cmake_target=None, cmake_target_skip_unavailable=False, cmake_clean_cache=False, cmake_clean_first=False, cmake_force_configure=False, ament_cmake_args=None, catkin_cmake_args=None, catkin_skip_building_tests=False, mixin_files=None, mixin=None, verb_parser=<colcon_mixin.mixin.mixin_argument.MixinArgumentDecorator object at 0x720e12260fd0>, verb_extension=<colcon_core.verb.build.BuildVerb object at 0x720e1235d660>, main=<bound method BuildVerb.main of <colcon_core.verb.build.BuildVerb object at 0x720e1235d660>>, mixin_verb=('build',))
[0.114s] Level 1:colcon.colcon_core.package_discovery:discover_packages(colcon_meta) check parameters
[0.115s] Level 1:colcon.colcon_core.package_discovery:discover_packages(recursive) check parameters
[0.115s] Level 1:colcon.colcon_core.package_discovery:discover_packages(ignore) check parameters
[0.115s] Level 1:colcon.colcon_core.package_discovery:discover_packages(path) check parameters
[0.115s] Level 1:colcon.colcon_core.package_discovery:discover_packages(colcon_meta) discover
[0.115s] Level 1:colcon.colcon_core.package_discovery:discover_packages(recursive) discover
[0.115s] INFO:colcon.colcon_core.package_discovery:Crawling recursively for packages in '/home/filipe/thesis/drl_novamob'
[0.115s] Level 1:colcon.colcon_core.package_identification:_identify(.) by extensions ['ignore', 'ignore_ament_install']
[0.115s] Level 1:colcon.colcon_core.package_identification:_identify(.) by extension 'ignore'
[0.115s] Level 1:colcon.colcon_core.package_identification:_identify(.) by extension 'ignore_ament_install'
[0.115s] Level 1:colcon.colcon_core.package_identification:_identify(.) by extensions ['colcon_pkg']
[0.115s] Level 1:colcon.colcon_core.package_identification:_identify(.) by extension 'colcon_pkg'
[0.115s] Level 1:colcon.colcon_core.package_identification:_identify(.) by extensions ['colcon_meta']
[0.115s] Level 1:colcon.colcon_core.package_identification:_identify(.) by extension 'colcon_meta'
[0.115s] Level 1:colcon.colcon_core.package_identification:_identify(.) by extensions ['ros']
[0.115s] Level 1:colcon.colcon_core.package_identification:_identify(.) by extension 'ros'
[0.126s] Level 1:colcon.colcon_core.package_identification:_identify(.) by extensions ['cmake', 'python']
[0.126s] Level 1:colcon.colcon_core.package_identification:_identify(.) by extension 'cmake'
[0.126s] Level 1:colcon.colcon_core.package_identification:_identify(.) by extension 'python'
[0.126s] Level 1:colcon.colcon_core.package_identification:_identify(.) by extensions ['python_setup_py']
[0.126s] Level 1:colcon.colcon_core.package_identification:_identify(.) by extension 'python_setup_py'
[0.126s] Level 1:colcon.colcon_core.package_identification:_identify(build) by extensions ['ignore', 'ignore_ament_install']
[0.126s] Level 1:colcon.colcon_core.package_identification:_identify(build) by extension 'ignore'
[0.126s] Level 1:colcon.colcon_core.package_identification:_identify(build) ignored
[0.126s] Level 1:colcon.colcon_core.package_identification:_identify(install) by extensions ['ignore', 'ignore_ament_install']
[0.126s] Level 1:colcon.colcon_core.package_identification:_identify(install) by extension 'ignore'
[0.127s] Level 1:colcon.colcon_core.package_identification:_identify(install) ignored
[0.127s] Level 1:colcon.colcon_core.package_identification:_identify(log) by extensions ['ignore', 'ignore_ament_install']
[0.127s] Level 1:colcon.colcon_core.package_identification:_identify(log) by extension 'ignore'
[0.127s] Level 1:colcon.colcon_core.package_identification:_identify(log) ignored
[0.127s] Level 1:colcon.colcon_core.package_identification:_identify(src) by extensions ['ignore', 'ignore_ament_install']
[0.127s] Level 1:colcon.colcon_core.package_identification:_identify(src) by extension 'ignore'
[0.127s] Level 1:colcon.colcon_core.package_identification:_identify(src) by extension 'ignore_ament_install'
[0.127s] Level 1:colcon.colcon_core.package_identification:_identify(src) by extensions ['colcon_pkg']
[0.127s] Level 1:colcon.colcon_core.package_identification:_identify(src) by extension 'colcon_pkg'
[0.127s] Level 1:colcon.colcon_core.package_identification:_identify(src) by extensions ['colcon_meta']
[0.127s] Level 1:colcon.colcon_core.package_identification:_identify(src) by extension 'colcon_meta'
[0.127s] Level 1:colcon.colcon_core.package_identification:_identify(src) by extensions ['ros']
[0.127s] Level 1:colcon.colcon_core.package_identification:_identify(src) by extension 'ros'
[0.127s] Level 1:colcon.colcon_core.package_identification:_identify(src) by extensions ['cmake', 'python']
[0.127s] Level 1:colcon.colcon_core.package_identification:_identify(src) by extension 'cmake'
[0.127s] Level 1:colcon.colcon_core.package_identification:_identify(src) by extension 'python'
[0.127s] Level 1:colcon.colcon_core.package_identification:_identify(src) by extensions ['python_setup_py']
[0.127s] Level 1:colcon.colcon_core.package_identification:_identify(src) by extension 'python_setup_py'
[0.127s] Level 1:colcon.colcon_core.package_identification:_identify(src/novamob_description) by extensions ['ignore', 'ignore_ament_install']
[0.127s] Level 1:colcon.colcon_core.package_identification:_identify(src/novamob_description) by extension 'ignore'
[0.127s] Level 1:colcon.colcon_core.package_identification:_identify(src/novamob_description) by extension 'ignore_ament_install'
[0.128s] Level 1:colcon.colcon_core.package_identification:_identify(src/novamob_description) by extensions ['colcon_pkg']
[0.128s] Level 1:colcon.colcon_core.package_identification:_identify(src/novamob_description) by extension 'colcon_pkg'
[0.128s] Level 1:colcon.colcon_core.package_identification:_identify(src/novamob_description) by extensions ['colcon_meta']
[0.128s] Level 1:colcon.colcon_core.package_identification:_identify(src/novamob_description) by extension 'colcon_meta'
[0.128s] Level 1:colcon.colcon_core.package_identification:_identify(src/novamob_description) by extensions ['ros']
[0.128s] Level 1:colcon.colcon_core.package_identification:_identify(src/novamob_description) by extension 'ros'
[0.129s] DEBUG:colcon.colcon_core.package_identification:Package 'src/novamob_description' with type 'ros.ament_cmake' and name 'novamob_description'
[0.129s] Level 1:colcon.colcon_core.package_identification:_identify(src/novamob_gym) by extensions ['ignore', 'ignore_ament_install']
[0.130s] Level 1:colcon.colcon_core.package_identification:_identify(src/novamob_gym) by extension 'ignore'
[0.130s] Level 1:colcon.colcon_core.package_identification:_identify(src/novamob_gym) by extension 'ignore_ament_install'
[0.130s] Level 1:colcon.colcon_core.package_identification:_identify(src/novamob_gym) by extensions ['colcon_pkg']
[0.130s] Level 1:colcon.colcon_core.package_identification:_identify(src/novamob_gym) by extension 'colcon_pkg'
[0.130s] Level 1:colcon.colcon_core.package_identification:_identify(src/novamob_gym) by extensions ['colcon_meta']
[0.130s] Level 1:colcon.colcon_core.package_identification:_identify(src/novamob_gym) by extension 'colcon_meta'
[0.130s] Level 1:colcon.colcon_core.package_identification:_identify(src/novamob_gym) by extensions ['ros']
[0.130s] Level 1:colcon.colcon_core.package_identification:_identify(src/novamob_gym) by extension 'ros'
[0.130s] DEBUG:colcon.colcon_core.package_identification:Package 'src/novamob_gym' with type 'ros.ament_python' and name 'novamob_gym'
[0.130s] Level 1:colcon.colcon_core.package_discovery:discover_packages(recursive) using defaults
[0.130s] Level 1:colcon.colcon_core.package_discovery:discover_packages(ignore) discover
[0.130s] Level 1:colcon.colcon_core.package_discovery:discover_packages(ignore) using defaults
[0.130s] Level 1:colcon.colcon_core.package_discovery:discover_packages(path) discover
[0.130s] Level 1:colcon.colcon_core.package_discovery:discover_packages(path) using defaults
[0.144s] Level 1:colcon.colcon_core.package_discovery:discover_packages(prefix_path) check parameters
[0.144s] Level 1:colcon.colcon_core.package_discovery:discover_packages(prefix_path) discover
[0.147s] DEBUG:colcon.colcon_installed_package_information.package_discovery:Found 367 installed packages in /opt/ros/humble
[0.148s] Level 1:colcon.colcon_core.package_discovery:discover_packages(prefix_path) using defaults
[0.183s] Level 5:colcon.colcon_core.verb:set package 'novamob_description' build argument 'cmake_args' from command line to 'None'
[0.183s] Level 5:colcon.colcon_core.verb:set package 'novamob_description' build argument 'cmake_target' from command line to 'None'
[0.183s] Level 5:colcon.colcon_core.verb:set package 'novamob_description' build argument 'cmake_target_skip_unavailable' from command line to 'False'
[0.183s] Level 5:colcon.colcon_core.verb:set package 'novamob_description' build argument 'cmake_clean_cache' from command line to 'False'
[0.183s] Level 5:colcon.colcon_core.verb:set package 'novamob_description' build argument 'cmake_clean_first' from command line to 'False'
[0.183s] Level 5:colcon.colcon_core.verb:set package 'novamob_description' build argument 'cmake_force_configure' from command line to 'False'
[0.183s] Level 5:colcon.colcon_core.verb:set package 'novamob_description' build argument 'ament_cmake_args' from command line to 'None'
[0.183s] Level 5:colcon.colcon_core.verb:set package 'novamob_description' build argument 'catkin_cmake_args' from command line to 'None'
[0.183s] Level 5:colcon.colcon_core.verb:set package 'novamob_description' build argument 'catkin_skip_building_tests' from command line to 'False'
[0.183s] DEBUG:colcon.colcon_core.verb:Building package 'novamob_description' with the following arguments: {'ament_cmake_args': None, 'build_base': '/home/filipe/thesis/drl_novamob/build/novamob_description', 'catkin_cmake_args': None, 'catkin_skip_building_tests': False, 'cmake_args': None, 'cmake_clean_cache': False, 'cmake_clean_first': False, 'cmake_force_configure': False, 'cmake_target': None, 'cmake_target_skip_unavailable': False, 'install_base': '/home/filipe/thesis/drl_novamob/install/novamob_description', 'merge_install': False, 'path': '/home/filipe/thesis/drl_novamob/src/novamob_description', 'symlink_install': False, 'test_result_base': None}
[0.183s] Level 5:colcon.colcon_core.verb:set package 'novamob_gym' build argument 'cmake_args' from command line to 'None'
[0.183s] Level 5:colcon.colcon_core.verb:set package 'novamob_gym' build argument 'cmake_target' from command line to 'None'
[0.183s] Level 5:colcon.colcon_core.verb:set package 'novamob_gym' build argument 'cmake_target_skip_unavailable' from command line to 'False'
[0.183s] Level 5:colcon.colcon_core.verb:set package 'novamob_gym' build argument 'cmake_clean_cache' from command line to 'False'
[0.183s] Level 5:colcon.colcon_core.verb:set package 'novamob_gym' build argument 'cmake_clean_first' from command line to 'False'
[0.183s] Level 5:colcon.colcon_core.verb:set package 'novamob_gym' build argument 'cmake_force_configure' from command line to 'False'
[0.183s] Level 5:colcon.colcon_core.verb:set package 'novamob_gym' build argument 'ament_cmake_args' from command line to 'None'
[0.183s] Level 5:colcon.colcon_core.verb:set package 'novamob_gym' build argument 'catkin_cmake_args' from command line to 'None'
[0.183s] Level 5:colcon.colcon_core.verb:set package 'novamob_gym' build argument 'catkin_skip_building_tests' from command line to 'False'
[0.183s] DEBUG:colcon.colcon_core.verb:Building package 'novamob_gym' with the following arguments: {'ament_cmake_args': None, 'build_base': '/home/filipe/thesis/drl_novamob/build/novamob_gym', 'catkin_cmake_args': None, 'catkin_skip_building_tests': False, 'cmake_args': None, 'cmake_clean_cache': False, 'cmake_clean_first': False, 'cmake_force_configure': False, 'cmake_target': None, 'cmake_target_skip_unavailable': False, 'install_base': '/home/filipe/thesis/drl_novamob/install/novamob_gym', 'merge_install': False, 'path': '/home/filipe/thesis/drl_novamob/src/novamob_gym', 'symlink_install': False, 'test_result_base': None}
[0.184s] INFO:colcon.colcon_core.executor:Executing jobs using 'parallel' executor
[0.184s] DEBUG:colcon.colcon_parallel_executor.executor.parallel:run_until_complete
[0.184s] INFO:colcon.colcon_ros.task.ament_cmake.build:Building ROS package in '/home/filipe/thesis/drl_novamob/src/novamob_description' with build type 'ament_cmake'
[0.185s] INFO:colcon.colcon_cmake.task.cmake.build:Building CMake package in '/home/filipe/thesis/drl_novamob/src/novamob_description'
[0.186s] INFO:colcon.colcon_core.plugin_system:Skipping extension 'colcon_core.shell.bat': Not used on non-Windows systems
[0.186s] INFO:colcon.colcon_core.shell:Skip shell extension 'powershell' for command environment: Not usable outside of PowerShell
[0.186s] DEBUG:colcon.colcon_core.shell:Skip shell extension 'dsv' for command environment
[0.189s] INFO:colcon.colcon_ros.task.ament_python.build:Building ROS package in '/home/filipe/thesis/drl_novamob/src/novamob_gym' with build type 'ament_python'
[0.189s] Level 1:colcon.colcon_core.shell:create_environment_hook('novamob_gym', 'ament_prefix_path')
[0.189s] INFO:colcon.colcon_core.shell:Creating environment hook '/home/filipe/thesis/drl_novamob/install/novamob_gym/share/novamob_gym/hook/ament_prefix_path.ps1'
[0.189s] INFO:colcon.colcon_core.shell:Creating environment descriptor '/home/filipe/thesis/drl_novamob/install/novamob_gym/share/novamob_gym/hook/ament_prefix_path.dsv'
[0.190s] INFO:colcon.colcon_core.shell:Creating environment hook '/home/filipe/thesis/drl_novamob/install/novamob_gym/share/novamob_gym/hook/ament_prefix_path.sh'
[0.190s] INFO:colcon.colcon_core.shell:Skip shell extension 'powershell' for command environment: Not usable outside of PowerShell
[0.190s] DEBUG:colcon.colcon_core.shell:Skip shell extension 'dsv' for command environment
[0.195s] DEBUG:colcon.colcon_core.event_handler.log_command:Invoking command in '/home/filipe/thesis/drl_novamob/build/novamob_description': CMAKE_PREFIX_PATH=/opt/ros/humble /usr/bin/cmake /home/filipe/thesis/drl_novamob/src/novamob_description -DCMAKE_INSTALL_PREFIX=/home/filipe/thesis/drl_novamob/install/novamob_description
[0.375s] INFO:colcon.colcon_core.task.python.build:Building Python package in '/home/filipe/thesis/drl_novamob/src/novamob_gym'
[0.375s] INFO:colcon.colcon_core.shell:Skip shell extension 'powershell' for command environment: Not usable outside of PowerShell
[0.375s] DEBUG:colcon.colcon_core.shell:Skip shell extension 'dsv' for command environment
[0.885s] DEBUG:colcon.colcon_core.event_handler.log_command:Invoking command in '/home/filipe/thesis/drl_novamob/src/novamob_gym': PYTHONPATH=/home/filipe/thesis/drl_novamob/build/novamob_gym/prefix_override:/usr/lib/python3/dist-packages/colcon_core/task/python/colcon_distutils_commands:/home/filipe/thesis/drl_novamob/install/novamob_gym/lib/python3.10/site-packages:${PYTHONPATH} /usr/bin/python3 -W ignore:setup.py install is deprecated setup.py egg_info --egg-base ../../build/novamob_gym build --build-base /home/filipe/thesis/drl_novamob/build/novamob_gym/build install --record /home/filipe/thesis/drl_novamob/build/novamob_gym/install.log --single-version-externally-managed install_data
[1.182s] DEBUG:colcon.colcon_core.event_handler.log_command:Invoked command in '/home/filipe/thesis/drl_novamob/build/novamob_description' returned '0': CMAKE_PREFIX_PATH=/opt/ros/humble /usr/bin/cmake /home/filipe/thesis/drl_novamob/src/novamob_description -DCMAKE_INSTALL_PREFIX=/home/filipe/thesis/drl_novamob/install/novamob_description
[1.184s] DEBUG:colcon.colcon_core.event_handler.log_command:Invoking command in '/home/filipe/thesis/drl_novamob/build/novamob_description': CMAKE_PREFIX_PATH=/opt/ros/humble /usr/bin/cmake --build /home/filipe/thesis/drl_novamob/build/novamob_description -- -j12 -l12
[1.218s] DEBUG:colcon.colcon_core.event_handler.log_command:Invoked command in '/home/filipe/thesis/drl_novamob/build/novamob_description' returned '0': CMAKE_PREFIX_PATH=/opt/ros/humble /usr/bin/cmake --build /home/filipe/thesis/drl_novamob/build/novamob_description -- -j12 -l12
[1.246s] DEBUG:colcon.colcon_core.event_handler.log_command:Invoking command in '/home/filipe/thesis/drl_novamob/build/novamob_description': CMAKE_PREFIX_PATH=/opt/ros/humble /usr/bin/cmake --install /home/filipe/thesis/drl_novamob/build/novamob_description
[1.315s] Level 1:colcon.colcon_core.environment:create_environment_scripts_only(novamob_description)
[1.316s] DEBUG:colcon.colcon_core.event_handler.log_command:Invoked command in '/home/filipe/thesis/drl_novamob/build/novamob_description' returned '0': CMAKE_PREFIX_PATH=/opt/ros/humble /usr/bin/cmake --install /home/filipe/thesis/drl_novamob/build/novamob_description
[1.318s] Level 1:colcon.colcon_core.environment:checking '/home/filipe/thesis/drl_novamob/install/novamob_description' for CMake module files
[1.318s] Level 1:colcon.colcon_core.environment:checking '/home/filipe/thesis/drl_novamob/install/novamob_description' for CMake config files
[1.318s] Level 1:colcon.colcon_core.shell:create_environment_hook('novamob_description', 'cmake_prefix_path')
[1.318s] INFO:colcon.colcon_core.shell:Creating environment hook '/home/filipe/thesis/drl_novamob/install/novamob_description/share/novamob_description/hook/cmake_prefix_path.ps1'
[1.319s] INFO:colcon.colcon_core.shell:Creating environment descriptor '/home/filipe/thesis/drl_novamob/install/novamob_description/share/novamob_description/hook/cmake_prefix_path.dsv'
[1.319s] INFO:colcon.colcon_core.shell:Creating environment hook '/home/filipe/thesis/drl_novamob/install/novamob_description/share/novamob_description/hook/cmake_prefix_path.sh'
[1.319s] Level 1:colcon.colcon_core.environment:checking '/home/filipe/thesis/drl_novamob/install/novamob_description/bin'
[1.319s] Level 1:colcon.colcon_core.environment:checking '/home/filipe/thesis/drl_novamob/install/novamob_description/lib/pkgconfig/novamob_description.pc'
[1.319s] Level 1:colcon.colcon_core.environment:checking '/home/filipe/thesis/drl_novamob/install/novamob_description/lib/python3.10/site-packages'
[1.320s] Level 1:colcon.colcon_core.environment:checking '/home/filipe/thesis/drl_novamob/install/novamob_description/bin'
[1.320s] INFO:colcon.colcon_core.shell:Creating package script '/home/filipe/thesis/drl_novamob/install/novamob_description/share/novamob_description/package.ps1'
[1.320s] INFO:colcon.colcon_core.shell:Creating package descriptor '/home/filipe/thesis/drl_novamob/install/novamob_description/share/novamob_description/package.dsv'
[1.321s] INFO:colcon.colcon_core.shell:Creating package script '/home/filipe/thesis/drl_novamob/install/novamob_description/share/novamob_description/package.sh'
[1.321s] INFO:colcon.colcon_core.shell:Creating package script '/home/filipe/thesis/drl_novamob/install/novamob_description/share/novamob_description/package.bash'
[1.322s] INFO:colcon.colcon_core.shell:Creating package script '/home/filipe/thesis/drl_novamob/install/novamob_description/share/novamob_description/package.zsh'
[1.322s] Level 1:colcon.colcon_core.environment:create_file_with_runtime_dependencies(/home/filipe/thesis/drl_novamob/install/novamob_description/share/colcon-core/packages/novamob_description)
[1.342s] Level 1:colcon.colcon_core.environment:create_environment_scripts_only(novamob_description)
[1.343s] Level 1:colcon.colcon_core.environment:checking '/home/filipe/thesis/drl_novamob/install/novamob_description' for CMake module files
[1.343s] Level 1:colcon.colcon_core.environment:checking '/home/filipe/thesis/drl_novamob/install/novamob_description' for CMake config files
[1.343s] Level 1:colcon.colcon_core.shell:create_environment_hook('novamob_description', 'cmake_prefix_path')
[1.344s] INFO:colcon.colcon_core.shell:Creating environment hook '/home/filipe/thesis/drl_novamob/install/novamob_description/share/novamob_description/hook/cmake_prefix_path.ps1'
[1.344s] INFO:colcon.colcon_core.shell:Creating environment descriptor '/home/filipe/thesis/drl_novamob/install/novamob_description/share/novamob_description/hook/cmake_prefix_path.dsv'
[1.344s] INFO:colcon.colcon_core.shell:Creating environment hook '/home/filipe/thesis/drl_novamob/install/novamob_description/share/novamob_description/hook/cmake_prefix_path.sh'
[1.345s] Level 1:colcon.colcon_core.environment:checking '/home/filipe/thesis/drl_novamob/install/novamob_description/bin'
[1.345s] Level 1:colcon.colcon_core.environment:checking '/home/filipe/thesis/drl_novamob/install/novamob_description/lib/pkgconfig/novamob_description.pc'
[1.345s] Level 1:colcon.colcon_core.environment:checking '/home/filipe/thesis/drl_novamob/install/novamob_description/lib/python3.10/site-packages'
[1.345s] Level 1:colcon.colcon_core.environment:checking '/home/filipe/thesis/drl_novamob/install/novamob_description/bin'
[1.345s] INFO:colcon.colcon_core.shell:Creating package script '/home/filipe/thesis/drl_novamob/install/novamob_description/share/novamob_description/package.ps1'
[1.346s] INFO:colcon.colcon_core.shell:Creating package descriptor '/home/filipe/thesis/drl_novamob/install/novamob_description/share/novamob_description/package.dsv'
[1.346s] INFO:colcon.colcon_core.shell:Creating package script '/home/filipe/thesis/drl_novamob/install/novamob_description/share/novamob_description/package.sh'
[1.346s] INFO:colcon.colcon_core.shell:Creating package script '/home/filipe/thesis/drl_novamob/install/novamob_description/share/novamob_description/package.bash'
[1.346s] INFO:colcon.colcon_core.shell:Creating package script '/home/filipe/thesis/drl_novamob/install/novamob_description/share/novamob_description/package.zsh'
[1.347s] Level 1:colcon.colcon_core.environment:create_file_with_runtime_dependencies(/home/filipe/thesis/drl_novamob/install/novamob_description/share/colcon-core/packages/novamob_description)
[1.367s] Level 1:colcon.colcon_core.environment:checking '/home/filipe/thesis/drl_novamob/install/novamob_gym' for CMake module files
[1.367s] DEBUG:colcon.colcon_core.event_handler.log_command:Invoked command in '/home/filipe/thesis/drl_novamob/src/novamob_gym' returned '0': PYTHONPATH=/home/filipe/thesis/drl_novamob/build/novamob_gym/prefix_override:/usr/lib/python3/dist-packages/colcon_core/task/python/colcon_distutils_commands:/home/filipe/thesis/drl_novamob/install/novamob_gym/lib/python3.10/site-packages:${PYTHONPATH} /usr/bin/python3 -W ignore:setup.py install is deprecated setup.py egg_info --egg-base ../../build/novamob_gym build --build-base /home/filipe/thesis/drl_novamob/build/novamob_gym/build install --record /home/filipe/thesis/drl_novamob/build/novamob_gym/install.log --single-version-externally-managed install_data
[1.367s] Level 1:colcon.colcon_core.environment:checking '/home/filipe/thesis/drl_novamob/install/novamob_gym' for CMake config files
[1.368s] Level 1:colcon.colcon_core.environment:checking '/home/filipe/thesis/drl_novamob/install/novamob_gym/lib'
[1.368s] Level 1:colcon.colcon_core.environment:checking '/home/filipe/thesis/drl_novamob/install/novamob_gym/bin'
[1.368s] Level 1:colcon.colcon_core.environment:checking '/home/filipe/thesis/drl_novamob/install/novamob_gym/lib/pkgconfig/novamob_gym.pc'
[1.368s] Level 1:colcon.colcon_core.environment:checking '/home/filipe/thesis/drl_novamob/install/novamob_gym/lib/python3.10/site-packages'
[1.368s] Level 1:colcon.colcon_core.shell:create_environment_hook('novamob_gym', 'pythonpath')
[1.368s] INFO:colcon.colcon_core.shell:Creating environment hook '/home/filipe/thesis/drl_novamob/install/novamob_gym/share/novamob_gym/hook/pythonpath.ps1'
[1.369s] INFO:colcon.colcon_core.shell:Creating environment descriptor '/home/filipe/thesis/drl_novamob/install/novamob_gym/share/novamob_gym/hook/pythonpath.dsv'
[1.369s] INFO:colcon.colcon_core.shell:Creating environment hook '/home/filipe/thesis/drl_novamob/install/novamob_gym/share/novamob_gym/hook/pythonpath.sh'
[1.369s] Level 1:colcon.colcon_core.environment:checking '/home/filipe/thesis/drl_novamob/install/novamob_gym/bin'
[1.369s] Level 1:colcon.colcon_core.environment:create_environment_scripts_only(novamob_gym)
[1.370s] INFO:colcon.colcon_core.shell:Creating package script '/home/filipe/thesis/drl_novamob/install/novamob_gym/share/novamob_gym/package.ps1'
[1.370s] INFO:colcon.colcon_core.shell:Creating package descriptor '/home/filipe/thesis/drl_novamob/install/novamob_gym/share/novamob_gym/package.dsv'
[1.370s] INFO:colcon.colcon_core.shell:Creating package script '/home/filipe/thesis/drl_novamob/install/novamob_gym/share/novamob_gym/package.sh'
[1.371s] INFO:colcon.colcon_core.shell:Creating package script '/home/filipe/thesis/drl_novamob/install/novamob_gym/share/novamob_gym/package.bash'
[1.371s] INFO:colcon.colcon_core.shell:Creating package script '/home/filipe/thesis/drl_novamob/install/novamob_gym/share/novamob_gym/package.zsh'
[1.371s] Level 1:colcon.colcon_core.environment:create_file_with_runtime_dependencies(/home/filipe/thesis/drl_novamob/install/novamob_gym/share/colcon-core/packages/novamob_gym)
[1.371s] DEBUG:colcon.colcon_parallel_executor.executor.parallel:closing loop
[1.372s] DEBUG:colcon.colcon_parallel_executor.executor.parallel:loop closed
[1.372s] DEBUG:colcon.colcon_parallel_executor.executor.parallel:run_until_complete finished with '0'
[1.372s] DEBUG:colcon.colcon_core.event_reactor:joining thread
[1.376s] INFO:colcon.colcon_core.plugin_system:Skipping extension 'colcon_notification.desktop_notification.terminal_notifier': Not used on non-Darwin systems
[1.376s] INFO:colcon.colcon_core.plugin_system:Skipping extension 'colcon_notification.desktop_notification.win32': Not used on non-Windows systems
[1.376s] INFO:colcon.colcon_notification.desktop_notification:Sending desktop notification using 'notify2'
[1.384s] DEBUG:colcon.colcon_core.event_reactor:joined thread
[1.384s] INFO:colcon.colcon_core.shell:Creating prefix script '/home/filipe/thesis/drl_novamob/install/local_setup.ps1'
[1.385s] INFO:colcon.colcon_core.shell:Creating prefix util module '/home/filipe/thesis/drl_novamob/install/_local_setup_util_ps1.py'
[1.386s] INFO:colcon.colcon_core.shell:Creating prefix chain script '/home/filipe/thesis/drl_novamob/install/setup.ps1'
[1.386s] INFO:colcon.colcon_core.shell:Creating prefix script '/home/filipe/thesis/drl_novamob/install/local_setup.sh'
[1.387s] INFO:colcon.colcon_core.shell:Creating prefix util module '/home/filipe/thesis/drl_novamob/install/_local_setup_util_sh.py'
[1.387s] INFO:colcon.colcon_core.shell:Creating prefix chain script '/home/filipe/thesis/drl_novamob/install/setup.sh'
[1.388s] INFO:colcon.colcon_core.shell:Creating prefix script '/home/filipe/thesis/drl_novamob/install/local_setup.bash'
[1.388s] INFO:colcon.colcon_core.shell:Creating prefix chain script '/home/filipe/thesis/drl_novamob/install/setup.bash'
[1.388s] INFO:colcon.colcon_core.shell:Creating prefix script '/home/filipe/thesis/drl_novamob/install/local_setup.zsh'
[1.389s] INFO:colcon.colcon_core.shell:Creating prefix chain script '/home/filipe/thesis/drl_novamob/install/setup.zsh'
