running egg_info
writing ../../build/novamob_gym/novamob_gym.egg-info/PKG-INFO
writing dependency_links to ../../build/novamob_gym/novamob_gym.egg-info/dependency_links.txt
writing entry points to ../../build/novamob_gym/novamob_gym.egg-info/entry_points.txt
writing requirements to ../../build/novamob_gym/novamob_gym.egg-info/requires.txt
writing top-level names to ../../build/novamob_gym/novamob_gym.egg-info/top_level.txt
reading manifest file '../../build/novamob_gym/novamob_gym.egg-info/SOURCES.txt'
adding license file 'LICENSE'
writing manifest file '../../build/novamob_gym/novamob_gym.egg-info/SOURCES.txt'
running build
running build_py
copying novamob_gym/__init__.py -> /home/filipe/thesis/drl_novamob/build/novamob_gym/build/lib/novamob_gym
copying novamob_gym/novamob_env.py -> /home/filipe/thesis/drl_novamob/build/novamob_gym/build/lib/novamob_gym
running install
running install_lib
running install_data
copying resource/novamob_gym -> /home/filipe/thesis/drl_novamob/install/novamob_gym/share/ament_index/resource_index/packages
copying package.xml -> /home/filipe/thesis/drl_novamob/install/novamob_gym/share/novamob_gym
running install_egg_info
removing '/home/filipe/thesis/drl_novamob/install/novamob_gym/lib/python3.10/site-packages/novamob_gym-0.0.0-py3.10.egg-info' (and everything under it)
Copying ../../build/novamob_gym/novamob_gym.egg-info to /home/filipe/thesis/drl_novamob/install/novamob_gym/lib/python3.10/site-packages/novamob_gym-0.0.0-py3.10.egg-info
running install_scripts
Installing novamob_env script to /home/filipe/thesis/drl_novamob/install/novamob_gym/lib/novamob_gym
writing list of installed files to '/home/filipe/thesis/drl_novamob/build/novamob_gym/install.log'
