[0.019s] Invoking command in '/home/filipe/thesis/drl_novamob/build/novamob_description': CMAKE_PREFIX_PATH=${CMAKE_PREFIX_PATH}:/home/filipe/thesis/drl_novamob/install/novamob_gym:/opt/ros/humble /usr/bin/cmake --build /home/filipe/thesis/drl_novamob/build/novamob_description -- -j12 -l12
[0.203s] Invoked command in '/home/filipe/thesis/drl_novamob/build/novamob_description' returned '0': CMAKE_PREFIX_PATH=${CMAKE_PREFIX_PATH}:/home/filipe/thesis/drl_novamob/install/novamob_gym:/opt/ros/humble /usr/bin/cmake --build /home/filipe/thesis/drl_novamob/build/novamob_description -- -j12 -l12
[0.234s] Invoking command in '/home/filipe/thesis/drl_novamob/build/novamob_description': CMAKE_PREFIX_PATH=${CMAKE_PREFIX_PATH}:/home/filipe/thesis/drl_novamob/install/novamob_gym:/opt/ros/humble /usr/bin/cmake --install /home/filipe/thesis/drl_novamob/build/novamob_description
[0.243s] -- Install configuration: ""
[0.244s] -- Up-to-date: /home/filipe/thesis/drl_novamob/install/novamob_description/share/novamob_description/src
[0.244s] -- Up-to-date: /home/filipe/thesis/drl_novamob/install/novamob_description/share/novamob_description/src/description
[0.244s] -- Up-to-date: /home/filipe/thesis/drl_novamob/install/novamob_description/share/novamob_description/src/description/novamob_description.urdf
[0.244s] -- Up-to-date: /home/filipe/thesis/drl_novamob/install/novamob_description/share/novamob_description/launch
[0.244s] -- Up-to-date: /home/filipe/thesis/drl_novamob/install/novamob_description/share/novamob_description/launch/display.launch.py
[0.244s] -- Up-to-date: /home/filipe/thesis/drl_novamob/install/novamob_description/share/novamob_description/rviz
[0.244s] -- Up-to-date: /home/filipe/thesis/drl_novamob/install/novamob_description/share/novamob_description/rviz/urdf_config.rviz
[0.244s] -- Up-to-date: /home/filipe/thesis/drl_novamob/install/novamob_description/share/novamob_description/meshes
[0.244s] -- Up-to-date: /home/filipe/thesis/drl_novamob/install/novamob_description/share/novamob_description/meshes/novamob_mecanum_wheel.obj
[0.244s] -- Up-to-date: /home/filipe/thesis/drl_novamob/install/novamob_description/share/novamob_description/meshes/novamob_mecanum_wheel.obj.mtl
[0.244s] -- Up-to-date: /home/filipe/thesis/drl_novamob/install/novamob_description/share/novamob_description/meshes/novamob_mecanum_wheel.stl
[0.244s] -- Up-to-date: /home/filipe/thesis/drl_novamob/install/novamob_description/share/novamob_description/meshes/novamob_no_wheels_centered.obj
[0.245s] -- Up-to-date: /home/filipe/thesis/drl_novamob/install/novamob_description/share/novamob_description/meshes/novamob_mecanum_wheel_centered_right.mtl
[0.245s] -- Up-to-date: /home/filipe/thesis/drl_novamob/install/novamob_description/share/novamob_description/meshes/novamob_mecanum_wheel.dae
[0.245s] -- Up-to-date: /home/filipe/thesis/drl_novamob/install/novamob_description/share/novamob_description/meshes/novamob_no_wheels.stl
[0.245s] -- Up-to-date: /home/filipe/thesis/drl_novamob/install/novamob_description/share/novamob_description/meshes/novamob_mecanum_wheel_centered_left.obj
[0.245s] -- Up-to-date: /home/filipe/thesis/drl_novamob/install/novamob_description/share/novamob_description/meshes/novamob_no_wheels_centered.mtl
[0.245s] -- Up-to-date: /home/filipe/thesis/drl_novamob/install/novamob_description/share/novamob_description/meshes/novamob_no_wheels.mtl
[0.245s] -- Up-to-date: /home/filipe/thesis/drl_novamob/install/novamob_description/share/novamob_description/meshes/novamob_mecanum_wheel_centered_left.mtl
[0.245s] -- Up-to-date: /home/filipe/thesis/drl_novamob/install/novamob_description/share/novamob_description/meshes/novamob_mecanum_wheel_centered_right.obj
[0.245s] -- Up-to-date: /home/filipe/thesis/drl_novamob/install/novamob_description/share/novamob_description/meshes/novamob_no_wheels.obj
[0.245s] -- Up-to-date: /home/filipe/thesis/drl_novamob/install/novamob_description/share/novamob_description/config
[0.245s] -- Up-to-date: /home/filipe/thesis/drl_novamob/install/novamob_description/share/novamob_description/config/ekf.yaml
[0.245s] -- Up-to-date: /home/filipe/thesis/drl_novamob/install/novamob_description/share/novamob_description/world
[0.245s] -- Up-to-date: /home/filipe/thesis/drl_novamob/install/novamob_description/share/novamob_description/world/myworld.sdf
[0.245s] -- Up-to-date: /home/filipe/thesis/drl_novamob/install/novamob_description/share/novamob_description/world/indoor_2.world
[0.245s] -- Up-to-date: /home/filipe/thesis/drl_novamob/install/novamob_description/share/novamob_description/world/outdoor.world
[0.245s] -- Up-to-date: /home/filipe/thesis/drl_novamob/install/novamob_description/share/ament_index/resource_index/package_run_dependencies/novamob_description
[0.245s] -- Up-to-date: /home/filipe/thesis/drl_novamob/install/novamob_description/share/ament_index/resource_index/parent_prefix_path/novamob_description
[0.245s] -- Up-to-date: /home/filipe/thesis/drl_novamob/install/novamob_description/share/novamob_description/environment/ament_prefix_path.sh
[0.245s] -- Up-to-date: /home/filipe/thesis/drl_novamob/install/novamob_description/share/novamob_description/environment/ament_prefix_path.dsv
[0.246s] -- Up-to-date: /home/filipe/thesis/drl_novamob/install/novamob_description/share/novamob_description/environment/path.sh
[0.246s] -- Up-to-date: /home/filipe/thesis/drl_novamob/install/novamob_description/share/novamob_description/environment/path.dsv
[0.246s] -- Up-to-date: /home/filipe/thesis/drl_novamob/install/novamob_description/share/novamob_description/local_setup.bash
[0.246s] -- Up-to-date: /home/filipe/thesis/drl_novamob/install/novamob_description/share/novamob_description/local_setup.sh
[0.246s] -- Up-to-date: /home/filipe/thesis/drl_novamob/install/novamob_description/share/novamob_description/local_setup.zsh
[0.246s] -- Up-to-date: /home/filipe/thesis/drl_novamob/install/novamob_description/share/novamob_description/local_setup.dsv
[0.246s] -- Installing: /home/filipe/thesis/drl_novamob/install/novamob_description/share/novamob_description/package.dsv
[0.246s] -- Up-to-date: /home/filipe/thesis/drl_novamob/install/novamob_description/share/ament_index/resource_index/packages/novamob_description
[0.246s] -- Up-to-date: /home/filipe/thesis/drl_novamob/install/novamob_description/share/novamob_description/cmake/novamob_descriptionConfig.cmake
[0.246s] -- Up-to-date: /home/filipe/thesis/drl_novamob/install/novamob_description/share/novamob_description/cmake/novamob_descriptionConfig-version.cmake
[0.246s] -- Up-to-date: /home/filipe/thesis/drl_novamob/install/novamob_description/share/novamob_description/package.xml
[0.247s] Invoked command in '/home/filipe/thesis/drl_novamob/build/novamob_description' returned '0': CMAKE_PREFIX_PATH=${CMAKE_PREFIX_PATH}:/home/filipe/thesis/drl_novamob/install/novamob_gym:/opt/ros/humble /usr/bin/cmake --install /home/filipe/thesis/drl_novamob/build/novamob_description
