/home/flipwsl/drl_novamob/install/novamob_gym/lib/python3.10/site-packages/novamob_gym/novamob_env.py
/home/flipwsl/drl_novamob/install/novamob_gym/lib/python3.10/site-packages/novamob_gym/reward.py
/home/flipwsl/drl_novamob/install/novamob_gym/lib/python3.10/site-packages/novamob_gym/__init__.py
/home/flipwsl/drl_novamob/install/novamob_gym/lib/python3.10/site-packages/novamob_gym/common/settings.py
/home/flipwsl/drl_novamob/install/novamob_gym/lib/python3.10/site-packages/novamob_gym/common/__init__.py
/home/flipwsl/drl_novamob/install/novamob_gym/lib/python3.10/site-packages/novamob_gym/__pycache__/novamob_env.cpython-310.pyc
/home/flipwsl/drl_novamob/install/novamob_gym/lib/python3.10/site-packages/novamob_gym/__pycache__/reward.cpython-310.pyc
/home/flipwsl/drl_novamob/install/novamob_gym/lib/python3.10/site-packages/novamob_gym/__pycache__/__init__.cpython-310.pyc
/home/flipwsl/drl_novamob/install/novamob_gym/lib/python3.10/site-packages/novamob_gym/common/__pycache__/settings.cpython-310.pyc
/home/flipwsl/drl_novamob/install/novamob_gym/lib/python3.10/site-packages/novamob_gym/common/__pycache__/__init__.cpython-310.pyc
/home/flipwsl/drl_novamob/install/novamob_gym/share/ament_index/resource_index/packages/novamob_gym
/home/flipwsl/drl_novamob/install/novamob_gym/share/novamob_gym/package.xml
/home/flipwsl/drl_novamob/install/novamob_gym/lib/python3.10/site-packages/novamob_gym-0.0.0-py3.10.egg-info/top_level.txt
/home/flipwsl/drl_novamob/install/novamob_gym/lib/python3.10/site-packages/novamob_gym-0.0.0-py3.10.egg-info/requires.txt
/home/flipwsl/drl_novamob/install/novamob_gym/lib/python3.10/site-packages/novamob_gym-0.0.0-py3.10.egg-info/dependency_links.txt
/home/flipwsl/drl_novamob/install/novamob_gym/lib/python3.10/site-packages/novamob_gym-0.0.0-py3.10.egg-info/PKG-INFO
/home/flipwsl/drl_novamob/install/novamob_gym/lib/python3.10/site-packages/novamob_gym-0.0.0-py3.10.egg-info/entry_points.txt
/home/flipwsl/drl_novamob/install/novamob_gym/lib/python3.10/site-packages/novamob_gym-0.0.0-py3.10.egg-info/zip-safe
/home/flipwsl/drl_novamob/install/novamob_gym/lib/python3.10/site-packages/novamob_gym-0.0.0-py3.10.egg-info/SOURCES.txt
/home/flipwsl/drl_novamob/install/novamob_gym/lib/novamob_gym/novamob_env
