[0.010s] Invoking command in '/home/filipe/thesis/drl_novamob/build/novamob_description': CMAKE_PREFIX_PATH=/opt/ros/humble /usr/bin/cmake /home/filipe/thesis/drl_novamob/src/novamob_description -DCMAKE_INSTALL_PREFIX=/home/filipe/thesis/drl_novamob/install/novamob_description
[0.207s] -- The C compiler identification is GNU 11.4.0
[0.345s] -- The CXX compiler identification is GNU 11.4.0
[0.356s] -- Detecting C compiler ABI info
[0.426s] -- Detecting C compiler ABI info - done
[0.432s] -- Check for working C compiler: /usr/bin/cc - skipped
[0.432s] -- Detecting C compile features
[0.433s] -- Detecting C compile features - done
[0.436s] -- Detecting CXX compiler ABI info
[0.508s] -- Detecting CXX compiler ABI info - done
[0.513s] -- Check for working CXX compiler: /usr/bin/c++ - skipped
[0.513s] -- Detecting CXX compile features
[0.514s] -- Detecting CXX compile features - done
[0.521s] -- Found ament_cmake: 1.3.9 (/opt/ros/humble/share/ament_cmake/cmake)
[0.823s] -- Found Python3: /usr/bin/python3 (found version "3.10.12") found components: Interpreter 
[0.912s] -- Found ament_lint_auto: 0.12.11 (/opt/ros/humble/share/ament_lint_auto/cmake)
[0.985s] -- Added test 'flake8' to check Python code syntax and style conventions
[0.986s] -- Added test 'lint_cmake' to check CMake code style
[0.986s] -- Added test 'pep257' to check Python code against some of the docstring style conventions in PEP 257
[0.989s] -- Added test 'xmllint' to check XML markup files
[0.990s] -- Configuring done
[0.993s] -- Generating done
[0.994s] -- Build files have been written to: /home/filipe/thesis/drl_novamob/build/novamob_description
[0.997s] Invoked command in '/home/filipe/thesis/drl_novamob/build/novamob_description' returned '0': CMAKE_PREFIX_PATH=/opt/ros/humble /usr/bin/cmake /home/filipe/thesis/drl_novamob/src/novamob_description -DCMAKE_INSTALL_PREFIX=/home/filipe/thesis/drl_novamob/install/novamob_description
[0.999s] Invoking command in '/home/filipe/thesis/drl_novamob/build/novamob_description': CMAKE_PREFIX_PATH=/opt/ros/humble /usr/bin/cmake --build /home/filipe/thesis/drl_novamob/build/novamob_description -- -j12 -l12
[1.033s] Invoked command in '/home/filipe/thesis/drl_novamob/build/novamob_description' returned '0': CMAKE_PREFIX_PATH=/opt/ros/humble /usr/bin/cmake --build /home/filipe/thesis/drl_novamob/build/novamob_description -- -j12 -l12
[1.061s] Invoking command in '/home/filipe/thesis/drl_novamob/build/novamob_description': CMAKE_PREFIX_PATH=/opt/ros/humble /usr/bin/cmake --install /home/filipe/thesis/drl_novamob/build/novamob_description
[1.067s] -- Install configuration: ""
[1.067s] -- Installing: /home/filipe/thesis/drl_novamob/install/novamob_description/share/novamob_description/src
[1.067s] -- Installing: /home/filipe/thesis/drl_novamob/install/novamob_description/share/novamob_description/src/description
[1.067s] -- Installing: /home/filipe/thesis/drl_novamob/install/novamob_description/share/novamob_description/src/description/novamob_description.urdf
[1.067s] -- Installing: /home/filipe/thesis/drl_novamob/install/novamob_description/share/novamob_description/launch
[1.067s] -- Installing: /home/filipe/thesis/drl_novamob/install/novamob_description/share/novamob_description/launch/display.launch.py
[1.067s] -- Installing: /home/filipe/thesis/drl_novamob/install/novamob_description/share/novamob_description/rviz
[1.068s] -- Installing: /home/filipe/thesis/drl_novamob/install/novamob_description/share/novamob_description/rviz/urdf_config.rviz
[1.068s] -- Installing: /home/filipe/thesis/drl_novamob/install/novamob_description/share/novamob_description/meshes
[1.068s] -- Installing: /home/filipe/thesis/drl_novamob/install/novamob_description/share/novamob_description/meshes/novamob_mecanum_wheel.obj
[1.075s] -- Installing: /home/filipe/thesis/drl_novamob/install/novamob_description/share/novamob_description/meshes/novamob_mecanum_wheel.obj.mtl
[1.075s] -- Installing: /home/filipe/thesis/drl_novamob/install/novamob_description/share/novamob_description/meshes/novamob_mecanum_wheel.stl
[1.081s] -- Installing: /home/filipe/thesis/drl_novamob/install/novamob_description/share/novamob_description/meshes/novamob_no_wheels_centered.obj
[1.090s] -- Installing: /home/filipe/thesis/drl_novamob/install/novamob_description/share/novamob_description/meshes/novamob_mecanum_wheel_centered_right.mtl
[1.090s] -- Installing: /home/filipe/thesis/drl_novamob/install/novamob_description/share/novamob_description/meshes/novamob_mecanum_wheel.dae
[1.098s] -- Installing: /home/filipe/thesis/drl_novamob/install/novamob_description/share/novamob_description/meshes/novamob_no_wheels.stl
[1.106s] -- Installing: /home/filipe/thesis/drl_novamob/install/novamob_description/share/novamob_description/meshes/novamob_mecanum_wheel_centered_left.obj
[1.113s] -- Installing: /home/filipe/thesis/drl_novamob/install/novamob_description/share/novamob_description/meshes/novamob_no_wheels_centered.mtl
[1.113s] -- Installing: /home/filipe/thesis/drl_novamob/install/novamob_description/share/novamob_description/meshes/novamob_no_wheels.mtl
[1.113s] -- Installing: /home/filipe/thesis/drl_novamob/install/novamob_description/share/novamob_description/meshes/novamob_mecanum_wheel_centered_left.mtl
[1.113s] -- Installing: /home/filipe/thesis/drl_novamob/install/novamob_description/share/novamob_description/meshes/novamob_mecanum_wheel_centered_right.obj
[1.120s] -- Installing: /home/filipe/thesis/drl_novamob/install/novamob_description/share/novamob_description/meshes/novamob_no_wheels.obj
[1.126s] -- Installing: /home/filipe/thesis/drl_novamob/install/novamob_description/share/novamob_description/config
[1.126s] -- Installing: /home/filipe/thesis/drl_novamob/install/novamob_description/share/novamob_description/config/ekf.yaml
[1.126s] -- Installing: /home/filipe/thesis/drl_novamob/install/novamob_description/share/novamob_description/world
[1.126s] -- Installing: /home/filipe/thesis/drl_novamob/install/novamob_description/share/novamob_description/world/myworld.sdf
[1.126s] -- Installing: /home/filipe/thesis/drl_novamob/install/novamob_description/share/novamob_description/world/indoor_2.world
[1.126s] -- Installing: /home/filipe/thesis/drl_novamob/install/novamob_description/share/novamob_description/world/outdoor.world
[1.127s] -- Installing: /home/filipe/thesis/drl_novamob/install/novamob_description/share/ament_index/resource_index/package_run_dependencies/novamob_description
[1.127s] -- Installing: /home/filipe/thesis/drl_novamob/install/novamob_description/share/ament_index/resource_index/parent_prefix_path/novamob_description
[1.127s] -- Installing: /home/filipe/thesis/drl_novamob/install/novamob_description/share/novamob_description/environment/ament_prefix_path.sh
[1.127s] -- Installing: /home/filipe/thesis/drl_novamob/install/novamob_description/share/novamob_description/environment/ament_prefix_path.dsv
[1.127s] -- Installing: /home/filipe/thesis/drl_novamob/install/novamob_description/share/novamob_description/environment/path.sh
[1.128s] -- Installing: /home/filipe/thesis/drl_novamob/install/novamob_description/share/novamob_description/environment/path.dsv
[1.128s] -- Installing: /home/filipe/thesis/drl_novamob/install/novamob_description/share/novamob_description/local_setup.bash
[1.128s] -- Installing: /home/filipe/thesis/drl_novamob/install/novamob_description/share/novamob_description/local_setup.sh
[1.128s] -- Installing: /home/filipe/thesis/drl_novamob/install/novamob_description/share/novamob_description/local_setup.zsh
[1.128s] -- Installing: /home/filipe/thesis/drl_novamob/install/novamob_description/share/novamob_description/local_setup.dsv
[1.128s] -- Installing: /home/filipe/thesis/drl_novamob/install/novamob_description/share/novamob_description/package.dsv
[1.128s] -- Installing: /home/filipe/thesis/drl_novamob/install/novamob_description/share/ament_index/resource_index/packages/novamob_description
[1.129s] -- Installing: /home/filipe/thesis/drl_novamob/install/novamob_description/share/novamob_description/cmake/novamob_descriptionConfig.cmake
[1.129s] -- Installing: /home/filipe/thesis/drl_novamob/install/novamob_description/share/novamob_description/cmake/novamob_descriptionConfig-version.cmake
[1.129s] -- Installing: /home/filipe/thesis/drl_novamob/install/novamob_description/share/novamob_description/package.xml
[1.131s] Invoked command in '/home/filipe/thesis/drl_novamob/build/novamob_description' returned '0': CMAKE_PREFIX_PATH=/opt/ros/humble /usr/bin/cmake --install /home/filipe/thesis/drl_novamob/build/novamob_description
