[0.695s] Invoking command in '/home/filipe/thesis/drl_novamob/src/novamob_gym': PYTHONPATH=/home/filipe/thesis/drl_novamob/build/novamob_gym/prefix_override:/usr/lib/python3/dist-packages/colcon_core/task/python/colcon_distutils_commands:/home/filipe/thesis/drl_novamob/install/novamob_gym/lib/python3.10/site-packages:${PYTHONPATH} /usr/bin/python3 -W ignore:setup.py install is deprecated setup.py egg_info --egg-base ../../build/novamob_gym build --build-base /home/filipe/thesis/drl_novamob/build/novamob_gym/build install --record /home/filipe/thesis/drl_novamob/build/novamob_gym/install.log --single-version-externally-managed install_data
[0.921s] running egg_info
[0.938s] writing ../../build/novamob_gym/novamob_gym.egg-info/PKG-INFO
[0.939s] writing dependency_links to ../../build/novamob_gym/novamob_gym.egg-info/dependency_links.txt
[0.939s] writing entry points to ../../build/novamob_gym/novamob_gym.egg-info/entry_points.txt
[0.939s] writing requirements to ../../build/novamob_gym/novamob_gym.egg-info/requires.txt
[0.939s] writing top-level names to ../../build/novamob_gym/novamob_gym.egg-info/top_level.txt
[0.973s] reading manifest file '../../build/novamob_gym/novamob_gym.egg-info/SOURCES.txt'
[0.973s] adding license file 'LICENSE'
[0.973s] writing manifest file '../../build/novamob_gym/novamob_gym.egg-info/SOURCES.txt'
[0.973s] running build
[0.973s] running build_py
[0.973s] copying novamob_gym/__init__.py -> /home/filipe/thesis/drl_novamob/build/novamob_gym/build/lib/novamob_gym
[0.974s] copying novamob_gym/novamob_env.py -> /home/filipe/thesis/drl_novamob/build/novamob_gym/build/lib/novamob_gym
[0.974s] running install
[0.977s] running install_lib
[0.994s] copying /home/filipe/thesis/drl_novamob/build/novamob_gym/build/lib/novamob_gym/__init__.py -> /home/filipe/thesis/drl_novamob/install/novamob_gym/lib/python3.10/site-packages/novamob_gym
[0.995s] byte-compiling /home/filipe/thesis/drl_novamob/install/novamob_gym/lib/python3.10/site-packages/novamob_gym/__init__.py to __init__.cpython-310.pyc
[0.995s] running install_data
[0.995s] copying resource/novamob_gym -> /home/filipe/thesis/drl_novamob/install/novamob_gym/share/ament_index/resource_index/packages
[0.995s] copying package.xml -> /home/filipe/thesis/drl_novamob/install/novamob_gym/share/novamob_gym
[0.995s] running install_egg_info
[1.013s] removing '/home/filipe/thesis/drl_novamob/install/novamob_gym/lib/python3.10/site-packages/novamob_gym-0.0.0-py3.10.egg-info' (and everything under it)
[1.013s] Copying ../../build/novamob_gym/novamob_gym.egg-info to /home/filipe/thesis/drl_novamob/install/novamob_gym/lib/python3.10/site-packages/novamob_gym-0.0.0-py3.10.egg-info
[1.014s] running install_scripts
[1.151s] Installing novamob_env script to /home/filipe/thesis/drl_novamob/install/novamob_gym/lib/novamob_gym
[1.151s] writing list of installed files to '/home/filipe/thesis/drl_novamob/build/novamob_gym/install.log'
[1.172s] Invoked command in '/home/filipe/thesis/drl_novamob/src/novamob_gym' returned '0': PYTHONPATH=/home/filipe/thesis/drl_novamob/build/novamob_gym/prefix_override:/usr/lib/python3/dist-packages/colcon_core/task/python/colcon_distutils_commands:/home/filipe/thesis/drl_novamob/install/novamob_gym/lib/python3.10/site-packages:${PYTHONPATH} /usr/bin/python3 -W ignore:setup.py install is deprecated setup.py egg_info --egg-base ../../build/novamob_gym build --build-base /home/filipe/thesis/drl_novamob/build/novamob_gym/build install --record /home/filipe/thesis/drl_novamob/build/novamob_gym/install.log --single-version-externally-managed install_data
